sqlite+aiosqlite:///./ceo_console_preview.db : 无法将“sqlite+aiosqlite:///./ceo_console_preview.db”项识别为 cmdlet、
函数、脚本文件或可运行程序的名称。请检查名称的拼写，如果包括路径，请确保路径正确，然后再试一次。
所在位置 行:1 字符: 19
+ ... env:DATABASE_URL=sqlite+aiosqlite:///./ceo_console_preview.db; Set-Lo ...
+                      ~~~~~~~~~~~~~~~~~~~~~~~~~~~~~~~~~~~~~~~~~~~~
    + CategoryInfo          : ObjectNotFound: (sqlite+aiosqlit...sole_preview.db:String) [], CommandNotFoundException
    + FullyQualifiedErrorId : CommandNotFoundException
 
INFO:     Started server process [29532]
INFO:     Waiting for application startup.
ERROR:    Traceback (most recent call last):
  File "E:\2026OPC大赛\龙虾流程\src\.venv\Lib\site-packages\aiomysql\connection.py", line 527, in _connect
    self._reader, self._writer = await \
                                 ^^^^^^^
  File "C:\ProgramData\Miniconda3\Lib\asyncio\tasks.py", line 520, in wait_for
    return await fut
           ^^^^^^^^^
  File "E:\2026OPC大赛\龙虾流程\src\.venv\Lib\site-packages\aiomysql\connection.py", line 88, in _open_connection
    transport, _ = await loop.create_connection(
                   ^^^^^^^^^^^^^^^^^^^^^^^^^^^^^
  File "C:\ProgramData\Miniconda3\Lib\asyncio\base_events.py", line 1137, in create_connection
    raise exceptions[0]
  File "C:\ProgramData\Miniconda3\Lib\asyncio\base_events.py", line 1107, in create_connection
    sock = await self._connect_sock(
           ^^^^^^^^^^^^^^^^^^^^^^^^^
  File "C:\ProgramData\Miniconda3\Lib\asyncio\base_events.py", line 1010, in _connect_sock
    await self.sock_connect(sock, address)
  File "C:\ProgramData\Miniconda3\Lib\asyncio\proactor_events.py", line 729, in sock_connect
    return await self._proactor.connect(sock, address)
           ^^^^^^^^^^^^^^^^^^^^^^^^^^^^^^^^^^^^^^^^^^^
  File "C:\ProgramData\Miniconda3\Lib\asyncio\windows_events.py", line 803, in _poll
    value = callback(transferred, key, ov)
            ^^^^^^^^^^^^^^^^^^^^^^^^^^^^^^
  File "C:\ProgramData\Miniconda3\Lib\asyncio\windows_events.py", line 599, in finish_connect
    ov.getresult()
ConnectionRefusedError: [WinError 1225] 远程计算机拒绝网络连接。

The above exception was the direct cause of the following exception:

Traceback (most recent call last):
  File "E:\2026OPC大赛\龙虾流程\src\.venv\Lib\site-packages\sqlalchemy\engine\base.py", line 146, in __init__
    self._dbapi_connection = engine.raw_connection()
                             ^^^^^^^^^^^^^^^^^^^^^^^
  File "E:\2026OPC大赛\龙虾流程\src\.venv\Lib\site-packages\sqlalchemy\engine\base.py", line 3302, in raw_connection
    return self.pool.connect()
           ^^^^^^^^^^^^^^^^^^^
  File "E:\2026OPC大赛\龙虾流程\src\.venv\Lib\site-packages\sqlalchemy\pool\base.py", line 449, in connect
    return _ConnectionFairy._checkout(self)
           ^^^^^^^^^^^^^^^^^^^^^^^^^^^^^^^^
  File "E:\2026OPC大赛\龙虾流程\src\.venv\Lib\site-packages\sqlalchemy\pool\base.py", line 1263, in _checkout
    fairy = _ConnectionRecord.checkout(pool)
            ^^^^^^^^^^^^^^^^^^^^^^^^^^^^^^^^
  File "E:\2026OPC大赛\龙虾流程\src\.venv\Lib\site-packages\sqlalchemy\pool\base.py", line 712, in checkout
    rec = pool._do_get()
          ^^^^^^^^^^^^^^
  File "E:\2026OPC大赛\龙虾流程\src\.venv\Lib\site-packages\sqlalchemy\pool\impl.py", line 179, in _do_get
    with util.safe_reraise():
         ^^^^^^^^^^^^^^^^^^^
  File "E:\2026OPC大赛\龙虾流程\src\.venv\Lib\site-packages\sqlalchemy\util\langhelpers.py", line 146, in __exit__
    raise exc_value.with_traceback(exc_tb)
  File "E:\2026OPC大赛\龙虾流程\src\.venv\Lib\site-packages\sqlalchemy\pool\impl.py", line 177, in _do_get
    return self._create_connection()
           ^^^^^^^^^^^^^^^^^^^^^^^^^
  File "E:\2026OPC大赛\龙虾流程\src\.venv\Lib\site-packages\sqlalchemy\pool\base.py", line 390, in _create_connection
    return _ConnectionRecord(self)
           ^^^^^^^^^^^^^^^^^^^^^^^
  File "E:\2026OPC大赛\龙虾流程\src\.venv\Lib\site-packages\sqlalchemy\pool\base.py", line 674, in __init__
    self.__connect()
  File "E:\2026OPC大赛\龙虾流程\src\.venv\Lib\site-packages\sqlalchemy\pool\base.py", line 900, in __connect
    with util.safe_reraise():
         ^^^^^^^^^^^^^^^^^^^
  File "E:\2026OPC大赛\龙虾流程\src\.venv\Lib\site-packages\sqlalchemy\util\langhelpers.py", line 146, in __exit__
    raise exc_value.with_traceback(exc_tb)
  File "E:\2026OPC大赛\龙虾流程\src\.venv\Lib\site-packages\sqlalchemy\pool\base.py", line 896, in __connect
    self.dbapi_connection = connection = pool._invoke_creator(self)
                                         ^^^^^^^^^^^^^^^^^^^^^^^^^^
  File "E:\2026OPC大赛\龙虾流程\src\.venv\Lib\site-packages\sqlalchemy\engine\create.py", line 643, in connect
    return dialect.connect(*cargs, **cparams)
           ^^^^^^^^^^^^^^^^^^^^^^^^^^^^^^^^^^
  File "E:\2026OPC大赛\龙虾流程\src\.venv\Lib\site-packages\sqlalchemy\engine\default.py", line 621, in connect
    return self.loaded_dbapi.connect(*cargs, **cparams)
           ^^^^^^^^^^^^^^^^^^^^^^^^^^^^^^^^^^^^^^^^^^^^
  File "E:\2026OPC大赛\龙虾流程\src\.venv\Lib\site-packages\sqlalchemy\dialects\mysql\aiomysql.py", line 268, in connect
    await_only(creator_fn(*arg, **kw)),
    ^^^^^^^^^^^^^^^^^^^^^^^^^^^^^^^^^^
  File "E:\2026OPC大赛\龙虾流程\src\.venv\Lib\site-packages\sqlalchemy\util\_concurrency_py3k.py", line 132, in await_only
    return current.parent.switch(awaitable)  # type: ignore[no-any-return,attr-defined] # noqa: E501
           ^^^^^^^^^^^^^^^^^^^^^^^^^^^^^^^^
  File "E:\2026OPC大赛\龙虾流程\src\.venv\Lib\site-packages\sqlalchemy\util\_concurrency_py3k.py", line 196, in greenlet_spawn
    value = await result
            ^^^^^^^^^^^^
  File "E:\2026OPC大赛\龙虾流程\src\.venv\Lib\site-packages\aiomysql\connection.py", line 75, in _connect
    await conn._connect()
  File "E:\2026OPC大赛\龙虾流程\src\.venv\Lib\site-packages\aiomysql\connection.py", line 563, in _connect
    raise OperationalError(
pymysql.err.OperationalError: (2003, "Can't connect to MySQL server on 'localhost'")

The above exception was the direct cause of the following exception:

Traceback (most recent call last):
  File "E:\2026OPC大赛\龙虾流程\src\.venv\Lib\site-packages\starlette\routing.py", line 693, in lifespan
    async with self.lifespan_context(app) as maybe_state:
               ^^^^^^^^^^^^^^^^^^^^^^^^^^
  File "C:\ProgramData\Miniconda3\Lib\contextlib.py", line 210, in __aenter__
    return await anext(self.gen)
           ^^^^^^^^^^^^^^^^^^^^^
  File "E:\2026OPC大赛\龙虾流程\src\.venv\Lib\site-packages\fastapi\routing.py", line 133, in merged_lifespan
    async with original_context(app) as maybe_original_state:
               ^^^^^^^^^^^^^^^^^^^^^
  File "E:\2026OPC大赛\龙虾流程\src\.venv\Lib\site-packages\starlette\routing.py", line 569, in __aenter__
    await self._router.startup()
  File "E:\2026OPC大赛\龙虾流程\src\.venv\Lib\site-packages\starlette\routing.py", line 670, in startup
    await handler()
  File "E:\2026OPC大赛\龙虾流程\src\main.py", line 61, in startup_event
    await init_db()
  File "E:\2026OPC大赛\龙虾流程\src\app\db\session.py", line 51, in init_db
    async with engine.begin() as conn:
               ^^^^^^^^^^^^^^
  File "C:\ProgramData\Miniconda3\Lib\contextlib.py", line 210, in __aenter__
    return await anext(self.gen)
           ^^^^^^^^^^^^^^^^^^^^^
  File "E:\2026OPC大赛\龙虾流程\src\.venv\Lib\site-packages\sqlalchemy\ext\asyncio\engine.py", line 1063, in begin
    async with conn:
               ^^^^
  File "E:\2026OPC大赛\龙虾流程\src\.venv\Lib\site-packages\sqlalchemy\ext\asyncio\base.py", line 121, in __aenter__
    return await self.start(is_ctxmanager=True)
           ^^^^^^^^^^^^^^^^^^^^^^^^^^^^^^^^^^^^
  File "E:\2026OPC大赛\龙虾流程\src\.venv\Lib\site-packages\sqlalchemy\ext\asyncio\engine.py", line 273, in start
    await greenlet_spawn(self.sync_engine.connect)
  File "E:\2026OPC大赛\龙虾流程\src\.venv\Lib\site-packages\sqlalchemy\util\_concurrency_py3k.py", line 201, in greenlet_spawn
    result = context.throw(*sys.exc_info())
             ^^^^^^^^^^^^^^^^^^^^^^^^^^^^^^
  File "E:\2026OPC大赛\龙虾流程\src\.venv\Lib\site-packages\sqlalchemy\engine\base.py", line 3278, in connect
    return self._connection_cls(self)
           ^^^^^^^^^^^^^^^^^^^^^^^^^^
  File "E:\2026OPC大赛\龙虾流程\src\.venv\Lib\site-packages\sqlalchemy\engine\base.py", line 148, in __init__
    Connection._handle_dbapi_exception_noconnection(
  File "E:\2026OPC大赛\龙虾流程\src\.venv\Lib\site-packages\sqlalchemy\engine\base.py", line 2442, in _handle_dbapi_exception_noconnection
    raise sqlalchemy_exception.with_traceback(exc_info[2]) from e
  File "E:\2026OPC大赛\龙虾流程\src\.venv\Lib\site-packages\sqlalchemy\engine\base.py", line 146, in __init__
    self._dbapi_connection = engine.raw_connection()
                             ^^^^^^^^^^^^^^^^^^^^^^^
  File "E:\2026OPC大赛\龙虾流程\src\.venv\Lib\site-packages\sqlalchemy\engine\base.py", line 3302, in raw_connection
    return self.pool.connect()
           ^^^^^^^^^^^^^^^^^^^
  File "E:\2026OPC大赛\龙虾流程\src\.venv\Lib\site-packages\sqlalchemy\pool\base.py", line 449, in connect
    return _ConnectionFairy._checkout(self)
           ^^^^^^^^^^^^^^^^^^^^^^^^^^^^^^^^
  File "E:\2026OPC大赛\龙虾流程\src\.venv\Lib\site-packages\sqlalchemy\pool\base.py", line 1263, in _checkout
    fairy = _ConnectionRecord.checkout(pool)
            ^^^^^^^^^^^^^^^^^^^^^^^^^^^^^^^^
  File "E:\2026OPC大赛\龙虾流程\src\.venv\Lib\site-packages\sqlalchemy\pool\base.py", line 712, in checkout
    rec = pool._do_get()
          ^^^^^^^^^^^^^^
  File "E:\2026OPC大赛\龙虾流程\src\.venv\Lib\site-packages\sqlalchemy\pool\impl.py", line 179, in _do_get
    with util.safe_reraise():
         ^^^^^^^^^^^^^^^^^^^
  File "E:\2026OPC大赛\龙虾流程\src\.venv\Lib\site-packages\sqlalchemy\util\langhelpers.py", line 146, in __exit__
    raise exc_value.with_traceback(exc_tb)
  File "E:\2026OPC大赛\龙虾流程\src\.venv\Lib\site-packages\sqlalchemy\pool\impl.py", line 177, in _do_get
    return self._create_connection()
           ^^^^^^^^^^^^^^^^^^^^^^^^^
  File "E:\2026OPC大赛\龙虾流程\src\.venv\Lib\site-packages\sqlalchemy\pool\base.py", line 390, in _create_connection
    return _ConnectionRecord(self)
           ^^^^^^^^^^^^^^^^^^^^^^^
  File "E:\2026OPC大赛\龙虾流程\src\.venv\Lib\site-packages\sqlalchemy\pool\base.py", line 674, in __init__
    self.__connect()
  File "E:\2026OPC大赛\龙虾流程\src\.venv\Lib\site-packages\sqlalchemy\pool\base.py", line 900, in __connect
    with util.safe_reraise():
         ^^^^^^^^^^^^^^^^^^^
  File "E:\2026OPC大赛\龙虾流程\src\.venv\Lib\site-packages\sqlalchemy\util\langhelpers.py", line 146, in __exit__
    raise exc_value.with_traceback(exc_tb)
  File "E:\2026OPC大赛\龙虾流程\src\.venv\Lib\site-packages\sqlalchemy\pool\base.py", line 896, in __connect
    self.dbapi_connection = connection = pool._invoke_creator(self)
                                         ^^^^^^^^^^^^^^^^^^^^^^^^^^
  File "E:\2026OPC大赛\龙虾流程\src\.venv\Lib\site-packages\sqlalchemy\engine\create.py", line 643, in connect
    return dialect.connect(*cargs, **cparams)
           ^^^^^^^^^^^^^^^^^^^^^^^^^^^^^^^^^^
  File "E:\2026OPC大赛\龙虾流程\src\.venv\Lib\site-packages\sqlalchemy\engine\default.py", line 621, in connect
    return self.loaded_dbapi.connect(*cargs, **cparams)
           ^^^^^^^^^^^^^^^^^^^^^^^^^^^^^^^^^^^^^^^^^^^^
  File "E:\2026OPC大赛\龙虾流程\src\.venv\Lib\site-packages\sqlalchemy\dialects\mysql\aiomysql.py", line 268, in connect
    await_only(creator_fn(*arg, **kw)),
    ^^^^^^^^^^^^^^^^^^^^^^^^^^^^^^^^^^
  File "E:\2026OPC大赛\龙虾流程\src\.venv\Lib\site-packages\sqlalchemy\util\_concurrency_py3k.py", line 132, in await_only
    return current.parent.switch(awaitable)  # type: ignore[no-any-return,attr-defined] # noqa: E501
           ^^^^^^^^^^^^^^^^^^^^^^^^^^^^^^^^
  File "E:\2026OPC大赛\龙虾流程\src\.venv\Lib\site-packages\sqlalchemy\util\_concurrency_py3k.py", line 196, in greenlet_spawn
    value = await result
            ^^^^^^^^^^^^
  File "E:\2026OPC大赛\龙虾流程\src\.venv\Lib\site-packages\aiomysql\connection.py", line 75, in _connect
    await conn._connect()
  File "E:\2026OPC大赛\龙虾流程\src\.venv\Lib\site-packages\aiomysql\connection.py", line 563, in _connect
    raise OperationalError(
sqlalchemy.exc.OperationalError: (pymysql.err.OperationalError) (2003, "Can't connect to MySQL server on 'localhost'")
(Background on this error at: https://sqlalche.me/e/20/e3q8)

ERROR:    Application startup failed. Exiting.
