INFO:     Started server process [12496]
INFO:     Waiting for application startup.
INFO:     Application startup complete.
INFO:     Uvicorn running on http://127.0.0.1:8015 (Press CTRL+C to quit)
ERROR:    Exception in ASGI application
Traceback (most recent call last):
  File "E:\2026OPC大赛\龙虾流程\src\.venv\Lib\site-packages\starlette\responses.py", line 315, in __call__
    stat_result = await anyio.to_thread.run_sync(os.stat, self.path)
                  ^^^^^^^^^^^^^^^^^^^^^^^^^^^^^^^^^^^^^^^^^^^^^^^^^^
  File "E:\2026OPC大赛\龙虾流程\src\.venv\Lib\site-packages\anyio\to_thread.py", line 63, in run_sync
    return await get_async_backend().run_sync_in_worker_thread(
           ^^^^^^^^^^^^^^^^^^^^^^^^^^^^^^^^^^^^^^^^^^^^^^^^^^^^
  File "E:\2026OPC大赛\龙虾流程\src\.venv\Lib\site-packages\anyio\_backends\_asyncio.py", line 2518, in run_sync_in_worker_thread
    return await future
           ^^^^^^^^^^^^
  File "E:\2026OPC大赛\龙虾流程\src\.venv\Lib\site-packages\anyio\_backends\_asyncio.py", line 1002, in run
    result = context.run(func, *args)
             ^^^^^^^^^^^^^^^^^^^^^^^^
FileNotFoundError: [WinError 2] 系统找不到指定的文件。: 'E:\\2026OPC大赛\\龙虾流程\\src\\app\\ui\\ceo_console.html'

During handling of the above exception, another exception occurred:

Traceback (most recent call last):
  File "E:\2026OPC大赛\龙虾流程\src\.venv\Lib\site-packages\uvicorn\protocols\http\httptools_impl.py", line 401, in run_asgi
    result = await app(  # type: ignore[func-returns-value]
             ^^^^^^^^^^^^^^^^^^^^^^^^^^^^^^^^^^^^^^^^^^^^^^
  File "E:\2026OPC大赛\龙虾流程\src\.venv\Lib\site-packages\uvicorn\middleware\proxy_headers.py", line 60, in __call__
    return await self.app(scope, receive, send)
           ^^^^^^^^^^^^^^^^^^^^^^^^^^^^^^^^^^^^
  File "E:\2026OPC大赛\龙虾流程\src\.venv\Lib\site-packages\fastapi\applications.py", line 1054, in __call__
    await super().__call__(scope, receive, send)
  File "E:\2026OPC大赛\龙虾流程\src\.venv\Lib\site-packages\starlette\applications.py", line 113, in __call__
    await self.middleware_stack(scope, receive, send)
  File "E:\2026OPC大赛\龙虾流程\src\.venv\Lib\site-packages\starlette\middleware\errors.py", line 187, in __call__
    raise exc
  File "E:\2026OPC大赛\龙虾流程\src\.venv\Lib\site-packages\starlette\middleware\errors.py", line 165, in __call__
    await self.app(scope, receive, _send)
  File "E:\2026OPC大赛\龙虾流程\src\.venv\Lib\site-packages\starlette\middleware\cors.py", line 85, in __call__
    await self.app(scope, receive, send)
  File "E:\2026OPC大赛\龙虾流程\src\.venv\Lib\site-packages\starlette\middleware\exceptions.py", line 62, in __call__
    await wrap_app_handling_exceptions(self.app, conn)(scope, receive, send)
  File "E:\2026OPC大赛\龙虾流程\src\.venv\Lib\site-packages\starlette\_exception_handler.py", line 62, in wrapped_app
    raise exc
  File "E:\2026OPC大赛\龙虾流程\src\.venv\Lib\site-packages\starlette\_exception_handler.py", line 51, in wrapped_app
    await app(scope, receive, sender)
  File "E:\2026OPC大赛\龙虾流程\src\.venv\Lib\site-packages\starlette\routing.py", line 715, in __call__
    await self.middleware_stack(scope, receive, send)
  File "E:\2026OPC大赛\龙虾流程\src\.venv\Lib\site-packages\starlette\routing.py", line 735, in app
    await route.handle(scope, receive, send)
  File "E:\2026OPC大赛\龙虾流程\src\.venv\Lib\site-packages\starlette\routing.py", line 288, in handle
    await self.app(scope, receive, send)
  File "E:\2026OPC大赛\龙虾流程\src\.venv\Lib\site-packages\starlette\routing.py", line 76, in app
    await wrap_app_handling_exceptions(app, request)(scope, receive, send)
  File "E:\2026OPC大赛\龙虾流程\src\.venv\Lib\site-packages\starlette\_exception_handler.py", line 62, in wrapped_app
    raise exc
  File "E:\2026OPC大赛\龙虾流程\src\.venv\Lib\site-packages\starlette\_exception_handler.py", line 51, in wrapped_app
    await app(scope, receive, sender)
  File "E:\2026OPC大赛\龙虾流程\src\.venv\Lib\site-packages\starlette\routing.py", line 74, in app
    await response(scope, receive, send)
  File "E:\2026OPC大赛\龙虾流程\src\.venv\Lib\site-packages\starlette\responses.py", line 318, in __call__
    raise RuntimeError(f"File at path {self.path} does not exist.")
RuntimeError: File at path E:\2026OPC大赛\龙虾流程\src\app\ui\ceo_console.html does not exist.
ERROR:    Exception in ASGI application
Traceback (most recent call last):
  File "E:\2026OPC大赛\龙虾流程\src\.venv\Lib\site-packages\starlette\responses.py", line 315, in __call__
    stat_result = await anyio.to_thread.run_sync(os.stat, self.path)
                  ^^^^^^^^^^^^^^^^^^^^^^^^^^^^^^^^^^^^^^^^^^^^^^^^^^
  File "E:\2026OPC大赛\龙虾流程\src\.venv\Lib\site-packages\anyio\to_thread.py", line 63, in run_sync
    return await get_async_backend().run_sync_in_worker_thread(
           ^^^^^^^^^^^^^^^^^^^^^^^^^^^^^^^^^^^^^^^^^^^^^^^^^^^^
  File "E:\2026OPC大赛\龙虾流程\src\.venv\Lib\site-packages\anyio\_backends\_asyncio.py", line 2518, in run_sync_in_worker_thread
    return await future
           ^^^^^^^^^^^^
  File "E:\2026OPC大赛\龙虾流程\src\.venv\Lib\site-packages\anyio\_backends\_asyncio.py", line 1002, in run
    result = context.run(func, *args)
             ^^^^^^^^^^^^^^^^^^^^^^^^
FileNotFoundError: [WinError 2] 系统找不到指定的文件。: 'E:\\2026OPC大赛\\龙虾流程\\src\\app\\ui\\ceo_console.html'

During handling of the above exception, another exception occurred:

Traceback (most recent call last):
  File "E:\2026OPC大赛\龙虾流程\src\.venv\Lib\site-packages\uvicorn\protocols\http\httptools_impl.py", line 401, in run_asgi
    result = await app(  # type: ignore[func-returns-value]
             ^^^^^^^^^^^^^^^^^^^^^^^^^^^^^^^^^^^^^^^^^^^^^^
  File "E:\2026OPC大赛\龙虾流程\src\.venv\Lib\site-packages\uvicorn\middleware\proxy_headers.py", line 60, in __call__
    return await self.app(scope, receive, send)
           ^^^^^^^^^^^^^^^^^^^^^^^^^^^^^^^^^^^^
  File "E:\2026OPC大赛\龙虾流程\src\.venv\Lib\site-packages\fastapi\applications.py", line 1054, in __call__
    await super().__call__(scope, receive, send)
  File "E:\2026OPC大赛\龙虾流程\src\.venv\Lib\site-packages\starlette\applications.py", line 113, in __call__
    await self.middleware_stack(scope, receive, send)
  File "E:\2026OPC大赛\龙虾流程\src\.venv\Lib\site-packages\starlette\middleware\errors.py", line 187, in __call__
    raise exc
  File "E:\2026OPC大赛\龙虾流程\src\.venv\Lib\site-packages\starlette\middleware\errors.py", line 165, in __call__
    await self.app(scope, receive, _send)
  File "E:\2026OPC大赛\龙虾流程\src\.venv\Lib\site-packages\starlette\middleware\cors.py", line 85, in __call__
    await self.app(scope, receive, send)
  File "E:\2026OPC大赛\龙虾流程\src\.venv\Lib\site-packages\starlette\middleware\exceptions.py", line 62, in __call__
    await wrap_app_handling_exceptions(self.app, conn)(scope, receive, send)
  File "E:\2026OPC大赛\龙虾流程\src\.venv\Lib\site-packages\starlette\_exception_handler.py", line 62, in wrapped_app
    raise exc
  File "E:\2026OPC大赛\龙虾流程\src\.venv\Lib\site-packages\starlette\_exception_handler.py", line 51, in wrapped_app
    await app(scope, receive, sender)
  File "E:\2026OPC大赛\龙虾流程\src\.venv\Lib\site-packages\starlette\routing.py", line 715, in __call__
    await self.middleware_stack(scope, receive, send)
  File "E:\2026OPC大赛\龙虾流程\src\.venv\Lib\site-packages\starlette\routing.py", line 735, in app
    await route.handle(scope, receive, send)
  File "E:\2026OPC大赛\龙虾流程\src\.venv\Lib\site-packages\starlette\routing.py", line 288, in handle
    await self.app(scope, receive, send)
  File "E:\2026OPC大赛\龙虾流程\src\.venv\Lib\site-packages\starlette\routing.py", line 76, in app
    await wrap_app_handling_exceptions(app, request)(scope, receive, send)
  File "E:\2026OPC大赛\龙虾流程\src\.venv\Lib\site-packages\starlette\_exception_handler.py", line 62, in wrapped_app
    raise exc
  File "E:\2026OPC大赛\龙虾流程\src\.venv\Lib\site-packages\starlette\_exception_handler.py", line 51, in wrapped_app
    await app(scope, receive, sender)
  File "E:\2026OPC大赛\龙虾流程\src\.venv\Lib\site-packages\starlette\routing.py", line 74, in app
    await response(scope, receive, send)
  File "E:\2026OPC大赛\龙虾流程\src\.venv\Lib\site-packages\starlette\responses.py", line 318, in __call__
    raise RuntimeError(f"File at path {self.path} does not exist.")
RuntimeError: File at path E:\2026OPC大赛\龙虾流程\src\app\ui\ceo_console.html does not exist.
